[2025-02-01 18:44:02] Cache-aside 패턴 실습환경 구성을 시작합니다...
[2025-02-01 18:44:02] Azure CLI 로그인 상태 확인 중...
[2025-02-01 18:44:02] Redis 컨테이너 설정 중...
[2025-02-01 18:44:04] Error: AKS 자격 증명 가져오기 실패
[2025-02-01 19:15:18] Cache-aside 패턴 실습환경 구성을 시작합니다...
[2025-02-01 19:15:18] Azure CLI 로그인 상태 확인 중...
[2025-02-01 19:15:18] Redis 컨테이너 설정 중...
[2025-02-01 19:15:20] SQL Database 리소스 생성 중...
[2025-02-01 19:17:48] Private DNS 설정 중...
[2025-02-01 19:19:31] Private DNS Zone VNET 연결 완료 또는 이미 존재함
[2025-02-01 19:19:31] App Service 리소스 생성 중...
[2025-02-01 19:21:44] Error: Web App VNET 통합 설정 실패
[2025-02-01 19:23:49] Cache-aside 패턴 실습환경 구성을 시작합니다...
[2025-02-01 19:23:49] Azure CLI 로그인 상태 확인 중...
[2025-02-01 19:23:50] Redis 컨테이너 설정 중...
[2025-02-01 19:23:52] SQL Database 리소스 생성 중...
[2025-02-01 19:24:21] Private DNS 설정 중...
[2025-02-01 19:25:33] Private DNS Zone VNET 연결 완료 또는 이미 존재함
[2025-02-01 19:25:33] App Service 리소스 생성 중...
[2025-02-01 19:26:18] Web App 환경 설정 중...
[2025-02-01 19:26:18] Redis LoadBalancer IP: 20.214.193.92
[2025-02-01 19:26:21] 모든 리소스가 성공적으로 생성되었습니다.
[2025-02-01 19:26:21] === 생성 리소스 확인 ===
[2025-02-01 19:26:22] === Redis 연결 정보 ===
[2025-02-01 19:26:22] Host: 20.214.193.92
[2025-02-01 19:26:22] Port: 6379
[2025-02-01 19:26:22] Password: P@ssw0rd$
[2025-02-01 19:26:22] === SQL Server 연결 정보 ===
[2025-02-01 19:26:22] Server: dg0100-cache-aside-sql.database.windows.net
[2025-02-01 19:26:22] Port: 1433
[2025-02-01 19:26:22] Database: dg0100-cache-aside-db
[2025-02-01 19:26:22] Username: sqladmin
[2025-02-01 19:26:25] === Web App 연결 정보 ===
[2025-02-01 19:26:25] Host: dg0100-cache-aside-app.azurewebsites.net
[2025-02-01 19:26:25] Swagger: https://dg0100-cache-aside-app.azurewebsites.net/swagger-ui.html
[2025-02-01 19:26:25] Kudu: https://dg0100-cache-aside-app.scm.azurewebsites.net:443
[2025-02-01 19:26:25] === 기본값 설정 ===
[2025-02-01 19:26:25] az configure --defaults group=dg0100-rg
[2025-02-01 19:26:25] az configure --defaults web=dg0100-cache-aside-app
[2025-02-01 19:26:25] === 배포 가이드 ===
[2025-02-01 19:26:25] az webapp deploy --type jar --src-path={jar path}
[2025-02-01 19:26:25] az webapp log tail
